Command line invocation:
    /Applications/Xcode.app/Contents/Developer/usr/bin/xcodebuild build -project SidewalkSafari.xcodeproj -scheme SidewalkSafari -configuration Debug -destination "platform=iOS Simulator,name=iPhone 17,OS=26.5" -derivedDataPath /tmp/sidewalk-finalgate-dd

ComputePackagePrebuildTargetDependencyGraph

Prepare packages

CreateBuildRequest

SendProjectDescription

CreateBuildOperation

ComputeTargetDependencyGraph
note: Building targets in dependency order
note: Target dependency graph (1 target)
    Target 'SidewalkSafari' in project 'SidewalkSafari' (no dependencies)

GatherProvisioningInputs

CreateBuildDescription

ExecuteExternalTool /Applications/Xcode.app/Contents/Developer/usr/bin/actool --print-asset-tag-combinations --output-format xml1 /Users/wangrenzhu/work/sidewalk-safari-ios/SidewalkSafari/Assets.xcassets

ExecuteExternalTool /Applications/Xcode.app/Contents/Developer/Toolchains/XcodeDefault.xctoolchain/usr/bin/clang -v -E -dM -isysroot /Applications/Xcode.app/Contents/Developer/Platforms/iPhoneSimulator.platform/Developer/SDKs/iPhoneSimulator26.5.sdk -x c -c /dev/null

ExecuteExternalTool /Applications/Xcode.app/Contents/Developer/usr/bin/actool --version --output-format xml1

ExecuteExternalTool /Applications/Xcode.app/Contents/Developer/Toolchains/XcodeDefault.xctoolchain/usr/bin/swiftc --version

ExecuteExternalTool /Applications/Xcode.app/Contents/Developer/Toolchains/XcodeDefault.xctoolchain/usr/bin/ld -version_details

Build description signature: 3e964af13237fe67f7b58cb3e657a2d3
Build description path: /tmp/sidewalk-finalgate-dd/Build/Intermediates.noindex/XCBuildData/3e964af13237fe67f7b58cb3e657a2d3.xcbuilddata
CreateBuildDirectory /tmp/sidewalk-finalgate-dd/Build/Products
    cd /Users/wangrenzhu/work/sidewalk-safari-ios/SidewalkSafari.xcodeproj
    builtin-create-build-directory /tmp/sidewalk-finalgate-dd/Build/Products

CreateBuildDirectory /tmp/sidewalk-finalgate-dd/Build/Intermediates.noindex
    cd /Users/wangrenzhu/work/sidewalk-safari-ios/SidewalkSafari.xcodeproj
    builtin-create-build-directory /tmp/sidewalk-finalgate-dd/Build/Intermediates.noindex

ClangStatCache /Applications/Xcode.app/Contents/Developer/Toolchains/XcodeDefault.xctoolchain/usr/bin/clang-stat-cache /Applications/Xcode.app/Contents/Developer/Platforms/iPhoneSimulator.platform/Developer/SDKs/iPhoneSimulator26.5.sdk /tmp/sidewalk-finalgate-dd/SDKStatCaches.noindex/iphonesimulator26.5-23F81a-6cfe768891a92b912361537c460fe42b.sdkstatcache
    cd /Users/wangrenzhu/work/sidewalk-safari-ios/SidewalkSafari.xcodeproj
    /Applications/Xcode.app/Contents/Developer/Toolchains/XcodeDefault.xctoolchain/usr/bin/clang-stat-cache /Applications/Xcode.app/Contents/Developer/Platforms/iPhoneSimulator.platform/Developer/SDKs/iPhoneSimulator26.5.sdk -o /tmp/sidewalk-finalgate-dd/SDKStatCaches.noindex/iphonesimulator26.5-23F81a-6cfe768891a92b912361537c460fe42b.sdkstatcache

CreateBuildDirectory /tmp/sidewalk-finalgate-dd/Build/Intermediates.noindex/SwiftExplicitPrecompiledModules
    cd /Users/wangrenzhu/work/sidewalk-safari-ios/SidewalkSafari.xcodeproj
    builtin-create-build-directory /tmp/sidewalk-finalgate-dd/Build/Intermediates.noindex/SwiftExplicitPrecompiledModules

CreateBuildDirectory /tmp/sidewalk-finalgate-dd/Build/Intermediates.noindex/ExplicitPrecompiledModules
    cd /Users/wangrenzhu/work/sidewalk-safari-ios/SidewalkSafari.xcodeproj
    builtin-create-build-directory /tmp/sidewalk-finalgate-dd/Build/Intermediates.noindex/ExplicitPrecompiledModules

CreateBuildDirectory /tmp/sidewalk-finalgate-dd/Build/Intermediates.noindex/EagerLinkingTBDs/Debug-iphonesimulator
    cd /Users/wangrenzhu/work/sidewalk-safari-ios/SidewalkSafari.xcodeproj
    builtin-create-build-directory /tmp/sidewalk-finalgate-dd/Build/Intermediates.noindex/EagerLinkingTBDs/Debug-iphonesimulator

WriteAuxiliaryFile /tmp/sidewalk-finalgate-dd/Build/Intermediates.noindex/SidewalkSafari.build/Debug-iphonesimulator/SidewalkSafari-41c967afc7c4caf4bec4b65829aa900a-VFS-iphonesimulator/all-product-headers.yaml
    cd /Users/wangrenzhu/work/sidewalk-safari-ios/SidewalkSafari.xcodeproj
    write-file /tmp/sidewalk-finalgate-dd/Build/Intermediates.noindex/SidewalkSafari.build/Debug-iphonesimulator/SidewalkSafari-41c967afc7c4caf4bec4b65829aa900a-VFS-iphonesimulator/all-product-headers.yaml

CreateBuildDirectory /tmp/sidewalk-finalgate-dd/Build/Products/Debug-iphonesimulator
    cd /Users/wangrenzhu/work/sidewalk-safari-ios/SidewalkSafari.xcodeproj
    builtin-create-build-directory /tmp/sidewalk-finalgate-dd/Build/Products/Debug-iphonesimulator

WriteAuxiliaryFile /tmp/sidewalk-finalgate-dd/Build/Intermediates.noindex/SidewalkSafari.build/Debug-iphonesimulator/SidewalkSafari.build/SidewalkSafari.DependencyStaticMetadataFileList (in target 'SidewalkSafari' from project 'SidewalkSafari')
    cd /Users/wangrenzhu/work/sidewalk-safari-ios
    write-file /tmp/sidewalk-finalgate-dd/Build/Intermediates.noindex/SidewalkSafari.build/Debug-iphonesimulator/SidewalkSafari.build/SidewalkSafari.DependencyStaticMetadataFileList

WriteAuxiliaryFile /tmp/sidewalk-finalgate-dd/Build/Intermediates.noindex/SidewalkSafari.build/Debug-iphonesimulator/SidewalkSafari.build/SidewalkSafari.hmap (in target 'SidewalkSafari' from project 'SidewalkSafari')
    cd /Users/wangrenzhu/work/sidewalk-safari-ios
    write-file /tmp/sidewalk-finalgate-dd/Build/Intermediates.noindex/SidewalkSafari.build/Debug-iphonesimulator/SidewalkSafari.build/SidewalkSafari.hmap

WriteAuxiliaryFile /tmp/sidewalk-finalgate-dd/Build/Intermediates.noindex/SidewalkSafari.build/Debug-iphonesimulator/SidewalkSafari.build/SidewalkSafari.DependencyMetadataFileList (in target 'SidewalkSafari' from project 'SidewalkSafari')
    cd /Users/wangrenzhu/work/sidewalk-safari-ios
    write-file /tmp/sidewalk-finalgate-dd/Build/Intermediates.noindex/SidewalkSafari.build/Debug-iphonesimulator/SidewalkSafari.build/SidewalkSafari.DependencyMetadataFileList

WriteAuxiliaryFile /tmp/sidewalk-finalgate-dd/Build/Intermediates.noindex/SidewalkSafari.build/Debug-iphonesimulator/SidewalkSafari.build/SidewalkSafari-project-headers.hmap (in target 'SidewalkSafari' from project 'SidewalkSafari')
    cd /Users/wangrenzhu/work/sidewalk-safari-ios
    write-file /tmp/sidewalk-finalgate-dd/Build/Intermediates.noindex/SidewalkSafari.build/Debug-iphonesimulator/SidewalkSafari.build/SidewalkSafari-project-headers.hmap

WriteAuxiliaryFile /tmp/sidewalk-finalgate-dd/Build/Intermediates.noindex/SidewalkSafari.build/Debug-iphonesimulator/SidewalkSafari.build/SidewalkSafari-own-target-headers.hmap (in target 'SidewalkSafari' from project 'SidewalkSafari')
    cd /Users/wangrenzhu/work/sidewalk-safari-ios
    write-file /tmp/sidewalk-finalgate-dd/Build/Intermediates.noindex/SidewalkSafari.build/Debug-iphonesimulator/SidewalkSafari.build/SidewalkSafari-own-target-headers.hmap

WriteAuxiliaryFile /tmp/sidewalk-finalgate-dd/Build/Intermediates.noindex/SidewalkSafari.build/Debug-iphonesimulator/SidewalkSafari.build/SidewalkSafari-generated-files.hmap (in target 'SidewalkSafari' from project 'SidewalkSafari')
    cd /Users/wangrenzhu/work/sidewalk-safari-ios
    write-file /tmp/sidewalk-finalgate-dd/Build/Intermediates.noindex/SidewalkSafari.build/Debug-iphonesimulator/SidewalkSafari.build/SidewalkSafari-generated-files.hmap

WriteAuxiliaryFile /tmp/sidewalk-finalgate-dd/Build/Intermediates.noindex/SidewalkSafari.build/Debug-iphonesimulator/SidewalkSafari.build/SidewalkSafari-all-target-headers.hmap (in target 'SidewalkSafari' from project 'SidewalkSafari')
    cd /Users/wangrenzhu/work/sidewalk-safari-ios
    write-file /tmp/sidewalk-finalgate-dd/Build/Intermediates.noindex/SidewalkSafari.build/Debug-iphonesimulator/SidewalkSafari.build/SidewalkSafari-all-target-headers.hmap

WriteAuxiliaryFile /tmp/sidewalk-finalgate-dd/Build/Intermediates.noindex/SidewalkSafari.build/Debug-iphonesimulator/SidewalkSafari.build/SidewalkSafari-all-non-framework-target-headers.hmap (in target 'SidewalkSafari' from project 'SidewalkSafari')
    cd /Users/wangrenzhu/work/sidewalk-safari-ios
    write-file /tmp/sidewalk-finalgate-dd/Build/Intermediates.noindex/SidewalkSafari.build/Debug-iphonesimulator/SidewalkSafari.build/SidewalkSafari-all-non-framework-target-headers.hmap

WriteAuxiliaryFile /tmp/sidewalk-finalgate-dd/Build/Intermediates.noindex/SidewalkSafari.build/Debug-iphonesimulator/SidewalkSafari.build/SidewalkSafari-DebugDylibPath-normal-arm64.txt (in target 'SidewalkSafari' from project 'SidewalkSafari')
    cd /Users/wangrenzhu/work/sidewalk-safari-ios
    write-file /tmp/sidewalk-finalgate-dd/Build/Intermediates.noindex/SidewalkSafari.build/Debug-iphonesimulator/SidewalkSafari.build/SidewalkSafari-DebugDylibPath-normal-arm64.txt

WriteAuxiliaryFile /tmp/sidewalk-finalgate-dd/Build/Intermediates.noindex/SidewalkSafari.build/Debug-iphonesimulator/SidewalkSafari.build/SidewalkSafari-DebugDylibInstallName-normal-arm64.txt (in target 'SidewalkSafari' from project 'SidewalkSafari')
    cd /Users/wangrenzhu/work/sidewalk-safari-ios
    write-file /tmp/sidewalk-finalgate-dd/Build/Intermediates.noindex/SidewalkSafari.build/Debug-iphonesimulator/SidewalkSafari.build/SidewalkSafari-DebugDylibInstallName-normal-arm64.txt

WriteAuxiliaryFile /tmp/sidewalk-finalgate-dd/Build/Intermediates.noindex/SidewalkSafari.build/Debug-iphonesimulator/SidewalkSafari.build/Objects-normal/arm64/SidewalkSafari.LinkFileList (in target 'SidewalkSafari' from project 'SidewalkSafari')
    cd /Users/wangrenzhu/work/sidewalk-safari-ios
    write-file /tmp/sidewalk-finalgate-dd/Build/Intermediates.noindex/SidewalkSafari.build/Debug-iphonesimulator/SidewalkSafari.build/Objects-normal/arm64/SidewalkSafari.LinkFileList

WriteAuxiliaryFile /tmp/sidewalk-finalgate-dd/Build/Intermediates.noindex/SidewalkSafari.build/Debug-iphonesimulator/SidewalkSafari.build/Objects-normal/arm64/SidewalkSafari.SwiftFileList (in target 'SidewalkSafari' from project 'SidewalkSafari')
    cd /Users/wangrenzhu/work/sidewalk-safari-ios
    write-file /tmp/sidewalk-finalgate-dd/Build/Intermediates.noindex/SidewalkSafari.build/Debug-iphonesimulator/SidewalkSafari.build/Objects-normal/arm64/SidewalkSafari.SwiftFileList

WriteAuxiliaryFile /tmp/sidewalk-finalgate-dd/Build/Intermediates.noindex/SidewalkSafari.build/Debug-iphonesimulator/SidewalkSafari.build/Objects-normal/arm64/SidewalkSafari_const_extract_protocols.json (in target 'SidewalkSafari' from project 'SidewalkSafari')
    cd /Users/wangrenzhu/work/sidewalk-safari-ios
    write-file /tmp/sidewalk-finalgate-dd/Build/Intermediates.noindex/SidewalkSafari.build/Debug-iphonesimulator/SidewalkSafari.build/Objects-normal/arm64/SidewalkSafari_const_extract_protocols.json

WriteAuxiliaryFile /tmp/sidewalk-finalgate-dd/Build/Intermediates.noindex/SidewalkSafari.build/Debug-iphonesimulator/SidewalkSafari.build/Objects-normal/arm64/SidewalkSafari-OutputFileMap.json (in target 'SidewalkSafari' from project 'SidewalkSafari')
    cd /Users/wangrenzhu/work/sidewalk-safari-ios
    write-file /tmp/sidewalk-finalgate-dd/Build/Intermediates.noindex/SidewalkSafari.build/Debug-iphonesimulator/SidewalkSafari.build/Objects-normal/arm64/SidewalkSafari-OutputFileMap.json

WriteAuxiliaryFile /tmp/sidewalk-finalgate-dd/Build/Intermediates.noindex/SidewalkSafari.build/Debug-iphonesimulator/SidewalkSafari.build/Objects-normal/arm64/SidewalkSafari.SwiftConstValuesFileList (in target 'SidewalkSafari' from project 'SidewalkSafari')
    cd /Users/wangrenzhu/work/sidewalk-safari-ios
    write-file /tmp/sidewalk-finalgate-dd/Build/Intermediates.noindex/SidewalkSafari.build/Debug-iphonesimulator/SidewalkSafari.build/Objects-normal/arm64/SidewalkSafari.SwiftConstValuesFileList

MkDir /tmp/sidewalk-finalgate-dd/Build/Products/Debug-iphonesimulator/SidewalkSafari.app (in target 'SidewalkSafari' from project 'SidewalkSafari')
    cd /Users/wangrenzhu/work/sidewalk-safari-ios
    /bin/mkdir -p /tmp/sidewalk-finalgate-dd/Build/Products/Debug-iphonesimulator/SidewalkSafari.app

WriteAuxiliaryFile /tmp/sidewalk-finalgate-dd/Build/Intermediates.noindex/SidewalkSafari.build/Debug-iphonesimulator/SidewalkSafari.build/DerivedSources/Entitlements-Simulated.plist (in target 'SidewalkSafari' from project 'SidewalkSafari')
    cd /Users/wangrenzhu/work/sidewalk-safari-ios
    write-file /tmp/sidewalk-finalgate-dd/Build/Intermediates.noindex/SidewalkSafari.build/Debug-iphonesimulator/SidewalkSafari.build/DerivedSources/Entitlements-Simulated.plist

ProcessProductPackaging "" /tmp/sidewalk-finalgate-dd/Build/Intermediates.noindex/SidewalkSafari.build/Debug-iphonesimulator/SidewalkSafari.build/SidewalkSafari.app-Simulated.xcent (in target 'SidewalkSafari' from project 'SidewalkSafari')
    cd /Users/wangrenzhu/work/sidewalk-safari-ios
    
    Entitlements:
    
    {
    "application-identifier" = "FAKETEAMID.com.appfactory.sidewalksafari";
}
    
    builtin-productPackagingUtility -entitlements -format xml -o /tmp/sidewalk-finalgate-dd/Build/Intermediates.noindex/SidewalkSafari.build/Debug-iphonesimulator/SidewalkSafari.build/SidewalkSafari.app-Simulated.xcent

ProcessProductPackagingDER /tmp/sidewalk-finalgate-dd/Build/Intermediates.noindex/SidewalkSafari.build/Debug-iphonesimulator/SidewalkSafari.build/SidewalkSafari.app-Simulated.xcent /tmp/sidewalk-finalgate-dd/Build/Intermediates.noindex/SidewalkSafari.build/Debug-iphonesimulator/SidewalkSafari.build/SidewalkSafari.app-Simulated.xcent.der (in target 'SidewalkSafari' from project 'SidewalkSafari')
    cd /Users/wangrenzhu/work/sidewalk-safari-ios
    /usr/bin/derq query -f xml -i /tmp/sidewalk-finalgate-dd/Build/Intermediates.noindex/SidewalkSafari.build/Debug-iphonesimulator/SidewalkSafari.build/SidewalkSafari.app-Simulated.xcent -o /tmp/sidewalk-finalgate-dd/Build/Intermediates.noindex/SidewalkSafari.build/Debug-iphonesimulator/SidewalkSafari.build/SidewalkSafari.app-Simulated.xcent.der --raw

Ld /tmp/sidewalk-finalgate-dd/Build/Products/Debug-iphonesimulator/SidewalkSafari.app/__preview.dylib normal (in target 'SidewalkSafari' from project 'SidewalkSafari')
    cd /Users/wangrenzhu/work/sidewalk-safari-ios
    /Applications/Xcode.app/Contents/Developer/Toolchains/XcodeDefault.xctoolchain/usr/bin/clang -Xlinker -reproducible -target arm64-apple-ios17.0-simulator -dynamiclib -isysroot /Applications/Xcode.app/Contents/Developer/Platforms/iPhoneSimulator.platform/Developer/SDKs/iPhoneSimulator26.5.sdk -O0 -L/tmp/sidewalk-finalgate-dd/Build/Products/Debug-iphonesimulator -F/tmp/sidewalk-finalgate-dd/Build/Products/Debug-iphonesimulator -install_name @rpath/SidewalkSafari.debug.dylib -Xlinker -dead_strip -rdynamic -Xlinker -no_deduplicate -Xlinker -objc_abi_version -Xlinker 2 -Xlinker -debug_variant -Xlinker -dependency_info -Xlinker /tmp/sidewalk-finalgate-dd/Build/Intermediates.noindex/SidewalkSafari.build/Debug-iphonesimulator/SidewalkSafari.build/Objects-normal/arm64/SidewalkSafari_dependency_info.dat -Xlinker -sectcreate -Xlinker __TEXT -Xlinker __entitlements -Xlinker /tmp/sidewalk-finalgate-dd/Build/Intermediates.noindex/SidewalkSafari.build/Debug-iphonesimulator/SidewalkSafari.build/SidewalkSafari.app-Simulated.xcent -Xlinker -sectcreate -Xlinker __TEXT -Xlinker __ents_der -Xlinker /tmp/sidewalk-finalgate-dd/Build/Intermediates.noindex/SidewalkSafari.build/Debug-iphonesimulator/SidewalkSafari.build/SidewalkSafari.app-Simulated.xcent.der -Xlinker -no_adhoc_codesign -o /tmp/sidewalk-finalgate-dd/Build/Products/Debug-iphonesimulator/SidewalkSafari.app/__preview.dylib

GenerateAssetSymbols /Users/wangrenzhu/work/sidewalk-safari-ios/SidewalkSafari/Assets.xcassets (in target 'SidewalkSafari' from project 'SidewalkSafari')
    cd /Users/wangrenzhu/work/sidewalk-safari-ios
    /Applications/Xcode.app/Contents/Developer/usr/bin/actool /Users/wangrenzhu/work/sidewalk-safari-ios/SidewalkSafari/Assets.xcassets --compile /tmp/sidewalk-finalgate-dd/Build/Products/Debug-iphonesimulator/SidewalkSafari.app --output-format human-readable-text --notices --warnings --export-dependency-info /tmp/sidewalk-finalgate-dd/Build/Intermediates.noindex/SidewalkSafari.build/Debug-iphonesimulator/SidewalkSafari.build/assetcatalog_dependencies --output-partial-info-plist /tmp/sidewalk-finalgate-dd/Build/Intermediates.noindex/SidewalkSafari.build/Debug-iphonesimulator/SidewalkSafari.build/assetcatalog_generated_info.plist --app-icon AppIcon --accent-color AccentColor --compress-pngs --enable-on-demand-resources YES --development-region en --target-device iphone --minimum-deployment-target 17.0 --platform iphonesimulator --bundle-identifier com.appfactory.sidewalksafari --generate-swift-asset-symbol-extensions NO --generate-swift-asset-symbols /tmp/sidewalk-finalgate-dd/Build/Intermediates.noindex/SidewalkSafari.build/Debug-iphonesimulator/SidewalkSafari.build/DerivedSources/GeneratedAssetSymbols.swift --generate-objc-asset-symbols /tmp/sidewalk-finalgate-dd/Build/Intermediates.noindex/SidewalkSafari.build/Debug-iphonesimulator/SidewalkSafari.build/DerivedSources/GeneratedAssetSymbols.h --generate-asset-symbol-index /tmp/sidewalk-finalgate-dd/Build/Intermediates.noindex/SidewalkSafari.build/Debug-iphonesimulator/SidewalkSafari.build/DerivedSources/GeneratedAssetSymbols-Index.plist
/* com.apple.actool.compilation-results */
/tmp/sidewalk-finalgate-dd/Build/Intermediates.noindex/SidewalkSafari.build/Debug-iphonesimulator/SidewalkSafari.build/DerivedSources/GeneratedAssetSymbols-Index.plist
/tmp/sidewalk-finalgate-dd/Build/Intermediates.noindex/SidewalkSafari.build/Debug-iphonesimulator/SidewalkSafari.build/DerivedSources/GeneratedAssetSymbols.h
/tmp/sidewalk-finalgate-dd/Build/Intermediates.noindex/SidewalkSafari.build/Debug-iphonesimulator/SidewalkSafari.build/DerivedSources/GeneratedAssetSymbols.swift


MkDir /tmp/sidewalk-finalgate-dd/Build/Intermediates.noindex/SidewalkSafari.build/Debug-iphonesimulator/SidewalkSafari.build/assetcatalog_output/unthinned (in target 'SidewalkSafari' from project 'SidewalkSafari')
    cd /Users/wangrenzhu/work/sidewalk-safari-ios
    /bin/mkdir -p /tmp/sidewalk-finalgate-dd/Build/Intermediates.noindex/SidewalkSafari.build/Debug-iphonesimulator/SidewalkSafari.build/assetcatalog_output/unthinned

MkDir /tmp/sidewalk-finalgate-dd/Build/Intermediates.noindex/SidewalkSafari.build/Debug-iphonesimulator/SidewalkSafari.build/assetcatalog_output/thinned (in target 'SidewalkSafari' from project 'SidewalkSafari')
    cd /Users/wangrenzhu/work/sidewalk-safari-ios
    /bin/mkdir -p /tmp/sidewalk-finalgate-dd/Build/Intermediates.noindex/SidewalkSafari.build/Debug-iphonesimulator/SidewalkSafari.build/assetcatalog_output/thinned

CompileAssetCatalogVariant thinned /tmp/sidewalk-finalgate-dd/Build/Products/Debug-iphonesimulator/SidewalkSafari.app /Users/wangrenzhu/work/sidewalk-safari-ios/SidewalkSafari/Assets.xcassets (in target 'SidewalkSafari' from project 'SidewalkSafari')
    cd /Users/wangrenzhu/work/sidewalk-safari-ios
    /Applications/Xcode.app/Contents/Developer/usr/bin/actool /Users/wangrenzhu/work/sidewalk-safari-ios/SidewalkSafari/Assets.xcassets --compile /tmp/sidewalk-finalgate-dd/Build/Intermediates.noindex/SidewalkSafari.build/Debug-iphonesimulator/SidewalkSafari.build/assetcatalog_output/thinned --output-format human-readable-text --notices --warnings --export-dependency-info /tmp/sidewalk-finalgate-dd/Build/Intermediates.noindex/SidewalkSafari.build/Debug-iphonesimulator/SidewalkSafari.build/assetcatalog_dependencies_thinned --output-partial-info-plist /tmp/sidewalk-finalgate-dd/Build/Intermediates.noindex/SidewalkSafari.build/Debug-iphonesimulator/SidewalkSafari.build/assetcatalog_generated_info.plist_thinned --app-icon AppIcon --accent-color AccentColor --compress-pngs --enable-on-demand-resources YES --filter-for-thinning-device-configuration iPhone18,3 --filter-for-device-os-version 26.5 --development-region en --target-device iphone --minimum-deployment-target 17.0 --platform iphonesimulator
/* com.apple.actool.notices */
/Users/wangrenzhu/work/sidewalk-safari-ios/SidewalkSafari/Assets.xcassets: warning: Accent color ‘AccentColor’ is not present in any asset catalogs.
/* com.apple.actool.compilation-results */
/tmp/sidewalk-finalgate-dd/Build/Intermediates.noindex/SidewalkSafari.build/Debug-iphonesimulator/SidewalkSafari.build/assetcatalog_generated_info.plist_thinned


LinkAssetCatalog /Users/wangrenzhu/work/sidewalk-safari-ios/SidewalkSafari/Assets.xcassets (in target 'SidewalkSafari' from project 'SidewalkSafari')
    cd /Users/wangrenzhu/work/sidewalk-safari-ios
    builtin-linkAssetCatalog --thinned /tmp/sidewalk-finalgate-dd/Build/Intermediates.noindex/SidewalkSafari.build/Debug-iphonesimulator/SidewalkSafari.build/assetcatalog_output/thinned --thinned-dependencies /tmp/sidewalk-finalgate-dd/Build/Intermediates.noindex/SidewalkSafari.build/Debug-iphonesimulator/SidewalkSafari.build/assetcatalog_dependencies_thinned --thinned-info-plist-content /tmp/sidewalk-finalgate-dd/Build/Intermediates.noindex/SidewalkSafari.build/Debug-iphonesimulator/SidewalkSafari.build/assetcatalog_generated_info.plist_thinned --unthinned /tmp/sidewalk-finalgate-dd/Build/Intermediates.noindex/SidewalkSafari.build/Debug-iphonesimulator/SidewalkSafari.build/assetcatalog_output/unthinned --unthinned-dependencies /tmp/sidewalk-finalgate-dd/Build/Intermediates.noindex/SidewalkSafari.build/Debug-iphonesimulator/SidewalkSafari.build/assetcatalog_dependencies_unthinned --unthinned-info-plist-content /tmp/sidewalk-finalgate-dd/Build/Intermediates.noindex/SidewalkSafari.build/Debug-iphonesimulator/SidewalkSafari.build/assetcatalog_generated_info.plist_unthinned --output /tmp/sidewalk-finalgate-dd/Build/Products/Debug-iphonesimulator/SidewalkSafari.app --plist-output /tmp/sidewalk-finalgate-dd/Build/Intermediates.noindex/SidewalkSafari.build/Debug-iphonesimulator/SidewalkSafari.build/assetcatalog_generated_info.plist

ProcessInfoPlistFile /tmp/sidewalk-finalgate-dd/Build/Products/Debug-iphonesimulator/SidewalkSafari.app/Info.plist /Users/wangrenzhu/work/sidewalk-safari-ios/SidewalkSafari/Info.plist (in target 'SidewalkSafari' from project 'SidewalkSafari')
    cd /Users/wangrenzhu/work/sidewalk-safari-ios
    builtin-infoPlistUtility /Users/wangrenzhu/work/sidewalk-safari-ios/SidewalkSafari/Info.plist -producttype com.apple.product-type.application -genpkginfo /tmp/sidewalk-finalgate-dd/Build/Products/Debug-iphonesimulator/SidewalkSafari.app/PkgInfo -expandbuildsettings -format binary -platform iphonesimulator -additionalcontentfile /tmp/sidewalk-finalgate-dd/Build/Intermediates.noindex/SidewalkSafari.build/Debug-iphonesimulator/SidewalkSafari.build/assetcatalog_generated_info.plist -o /tmp/sidewalk-finalgate-dd/Build/Products/Debug-iphonesimulator/SidewalkSafari.app/Info.plist

SwiftDriver SidewalkSafari normal arm64 com.apple.xcode.tools.swift.compiler (in target 'SidewalkSafari' from project 'SidewalkSafari')
    cd /Users/wangrenzhu/work/sidewalk-safari-ios
    builtin-SwiftDriver -- /Applications/Xcode.app/Contents/Developer/Toolchains/XcodeDefault.xctoolchain/usr/bin/swiftc -module-name SidewalkSafari -Onone @/tmp/sidewalk-finalgate-dd/Build/Intermediates.noindex/SidewalkSafari.build/Debug-iphonesimulator/SidewalkSafari.build/Objects-normal/arm64/SidewalkSafari.SwiftFileList -DDEBUG -enable-experimental-feature DebugDescriptionMacro -sdk /Applications/Xcode.app/Contents/Developer/Platforms/iPhoneSimulator.platform/Developer/SDKs/iPhoneSimulator26.5.sdk -target arm64-apple-ios17.0-simulator -g -module-cache-path /tmp/sidewalk-finalgate-dd/ModuleCache.noindex -Xfrontend -serialize-debugging-options -profile-coverage-mapping -profile-generate -enable-testing -index-store-path /tmp/sidewalk-finalgate-dd/Index.noindex/DataStore -Xcc -D_LIBCPP_HARDENING_MODE\=_LIBCPP_HARDENING_MODE_DEBUG -swift-version 6 -I /tmp/sidewalk-finalgate-dd/Build/Products/Debug-iphonesimulator -F /tmp/sidewalk-finalgate-dd/Build/Products/Debug-iphonesimulator -c -j10 -enable-batch-mode -incremental -Xcc -ivfsstatcache -Xcc /tmp/sidewalk-finalgate-dd/SDKStatCaches.noindex/iphonesimulator26.5-23F81a-6cfe768891a92b912361537c460fe42b.sdkstatcache -output-file-map /tmp/sidewalk-finalgate-dd/Build/Intermediates.noindex/SidewalkSafari.build/Debug-iphonesimulator/SidewalkSafari.build/Objects-normal/arm64/SidewalkSafari-OutputFileMap.json -use-frontend-parseable-output -save-temps -no-color-diagnostics -explicit-module-build -module-cache-path /tmp/sidewalk-finalgate-dd/Build/Intermediates.noindex/SwiftExplicitPrecompiledModules -clang-scanner-module-cache-path /tmp/sidewalk-finalgate-dd/ModuleCache.noindex -sdk-module-cache-path /tmp/sidewalk-finalgate-dd/ModuleCache.noindex -serialize-diagnostics -emit-dependencies -emit-module -emit-module-path /tmp/sidewalk-finalgate-dd/Build/Intermediates.noindex/SidewalkSafari.build/Debug-iphonesimulator/SidewalkSafari.build/Objects-normal/arm64/SidewalkSafari.swiftmodule -validate-clang-modules-once -clang-build-session-file /tmp/sidewalk-finalgate-dd/ModuleCache.noindex/Session.modulevalidation -Xcc -I/tmp/sidewalk-finalgate-dd/Build/Intermediates.noindex/SidewalkSafari.build/Debug-iphonesimulator/SidewalkSafari.build/swift-overrides.hmap -emit-const-values -Xfrontend -const-gather-protocols-file -Xfrontend /tmp/sidewalk-finalgate-dd/Build/Intermediates.noindex/SidewalkSafari.build/Debug-iphonesimulator/SidewalkSafari.build/Objects-normal/arm64/SidewalkSafari_const_extract_protocols.json -Xcc -iquote -Xcc /tmp/sidewalk-finalgate-dd/Build/Intermediates.noindex/SidewalkSafari.build/Debug-iphonesimulator/SidewalkSafari.build/SidewalkSafari-generated-files.hmap -Xcc -I/tmp/sidewalk-finalgate-dd/Build/Intermediates.noindex/SidewalkSafari.build/Debug-iphonesimulator/SidewalkSafari.build/SidewalkSafari-own-target-headers.hmap -Xcc -I/tmp/sidewalk-finalgate-dd/Build/Intermediates.noindex/SidewalkSafari.build/Debug-iphonesimulator/SidewalkSafari.build/SidewalkSafari-all-target-headers.hmap -Xcc -iquote -Xcc /tmp/sidewalk-finalgate-dd/Build/Intermediates.noindex/SidewalkSafari.build/Debug-iphonesimulator/SidewalkSafari.build/SidewalkSafari-project-headers.hmap -Xcc -I/tmp/sidewalk-finalgate-dd/Build/Products/Debug-iphonesimulator/include -Xcc -I/tmp/sidewalk-finalgate-dd/Build/Intermediates.noindex/SidewalkSafari.build/Debug-iphonesimulator/SidewalkSafari.build/DerivedSources-normal/arm64 -Xcc -I/tmp/sidewalk-finalgate-dd/Build/Intermediates.noindex/SidewalkSafari.build/Debug-iphonesimulator/SidewalkSafari.build/DerivedSources/arm64 -Xcc -I/tmp/sidewalk-finalgate-dd/Build/Intermediates.noindex/SidewalkSafari.build/Debug-iphonesimulator/SidewalkSafari.build/DerivedSources -Xcc -DDEBUG\=1 -emit-objc-header -emit-objc-header-path /tmp/sidewalk-finalgate-dd/Build/Intermediates.noindex/SidewalkSafari.build/Debug-iphonesimulator/SidewalkSafari.build/Objects-normal/arm64/SidewalkSafari-Swift.h -working-directory /Users/wangrenzhu/work/sidewalk-safari-ios -experimental-emit-module-separately -disable-cmo

SwiftExplicitDependencyGeneratePcm arm64 /tmp/sidewalk-finalgate-dd/ModuleCache.noindex/ptrcheck-6KO4A5CZ54DU7MXZISP326XSL.pcm

SwiftExplicitDependencyGeneratePcm arm64 /tmp/sidewalk-finalgate-dd/ModuleCache.noindex/_Builtin_stdbool-42GP3G2FVR79QVSLSOV687BT7.pcm

SwiftExplicitDependencyGeneratePcm arm64 /tmp/sidewalk-finalgate-dd/ModuleCache.noindex/DeveloperToolsSupport-1BV3O76ERGH1YIK2IN9QVJKWP.pcm

SwiftExplicitDependencyGeneratePcm arm64 /tmp/sidewalk-finalgate-dd/ModuleCache.noindex/_Builtin_float-2CI2HRH3QILJC010FRC6A1L4I.pcm

SwiftExplicitDependencyGeneratePcm arm64 /tmp/sidewalk-finalgate-dd/ModuleCache.noindex/_Builtin_stddef-DR07U0HXUF4AY5TG3UA0DH4RS.pcm

SwiftExplicitDependencyGeneratePcm arm64 /tmp/sidewalk-finalgate-dd/ModuleCache.noindex/ptrauth-93PCHP53BGPW3S1AR2L9CYM2E.pcm

SwiftExplicitDependencyGeneratePcm arm64 /tmp/sidewalk-finalgate-dd/ModuleCache.noindex/_SwiftConcurrencyShims-89S8TYECZMWVXWA8XL5JG9ZLB.pcm

SwiftExplicitDependencyGeneratePcm arm64 /tmp/sidewalk-finalgate-dd/ModuleCache.noindex/_AvailabilityInternal-71SJCY90TPJX4ZZ7H0EPQT9DQ.pcm

SwiftExplicitDependencyGeneratePcm arm64 /tmp/sidewalk-finalgate-dd/ModuleCache.noindex/_Builtin_stdarg-7WNEFXBVNGIWEAHPDTTT06R72.pcm

SwiftExplicitDependencyGeneratePcm arm64 /tmp/sidewalk-finalgate-dd/ModuleCache.noindex/SwiftShims-9402M0BZV1YTJQ7RIOGI1MGWB.pcm

SwiftExplicitDependencyGeneratePcm arm64 /tmp/sidewalk-finalgate-dd/ModuleCache.noindex/_DarwinFoundation1-V5QE4PYCO5AMJ0JULQ8WU6MO.pcm

SwiftExplicitDependencyGeneratePcm arm64 /tmp/sidewalk-finalgate-dd/ModuleCache.noindex/_Builtin_limits-EFTYES1EQ4WXG7XHXB4FYNCE1.pcm

SwiftExplicitDependencyGeneratePcm arm64 /tmp/sidewalk-finalgate-dd/ModuleCache.noindex/_DarwinFoundation2-BECSHFQCTXNB1ULPYH0COZDG7.pcm

SwiftExplicitDependencyGeneratePcm arm64 /tmp/sidewalk-finalgate-dd/ModuleCache.noindex/sys_types-7NF5W6TV4D9MX8E9T2J64O037.pcm

SwiftExplicitDependencyGeneratePcm arm64 /tmp/sidewalk-finalgate-dd/ModuleCache.noindex/_Builtin_stdint-3L4AKZPKG59MDY34IN622YYMU.pcm

SwiftExplicitDependencyGeneratePcm arm64 /tmp/sidewalk-finalgate-dd/ModuleCache.noindex/_Builtin_tgmath-744HHLUY5OIE9V5JTXHMEDL6M.pcm

SwiftExplicitDependencyGeneratePcm arm64 /tmp/sidewalk-finalgate-dd/ModuleCache.noindex/_DarwinFoundation3-1BQSYY82D3S9HRQ31PYATXWUT.pcm

SwiftExplicitDependencyGeneratePcm arm64 /tmp/sidewalk-finalgate-dd/ModuleCache.noindex/_Builtin_intrinsics-3K6BEJ6R2C57Q857BHT31G298.pcm

SwiftExplicitDependencyGeneratePcm arm64 /tmp/sidewalk-finalgate-dd/ModuleCache.noindex/_Builtin_stdatomic-C8BRPCIW816M9TMCQUFBGNKX0.pcm

SwiftExplicitDependencyGeneratePcm arm64 /tmp/sidewalk-finalgate-dd/ModuleCache.noindex/_Builtin_inttypes-6TI3GAFH6URXOMX0JHGGTN4H.pcm

SwiftExplicitDependencyGeneratePcm arm64 /tmp/sidewalk-finalgate-dd/ModuleCache.noindex/Darwin-D5RTWWJZTSPEWKEYLNW768IZX.pcm

SwiftExplicitDependencyGeneratePcm arm64 /tmp/sidewalk-finalgate-dd/ModuleCache.noindex/simd-DK9KRUSM7GDGW9KEGIDTIN40O.pcm

SwiftExplicitDependencyGeneratePcm arm64 /tmp/sidewalk-finalgate-dd/ModuleCache.noindex/MachO-5LF0M9RVZANDRKT1SJC2LPS1C.pcm

SwiftExplicitDependencyGeneratePcm arm64 /tmp/sidewalk-finalgate-dd/ModuleCache.noindex/ObjectiveC-ATWRKQ9KA1XH86UYHPPJ43B8T.pcm

SwiftExplicitDependencyGeneratePcm arm64 /tmp/sidewalk-finalgate-dd/ModuleCache.noindex/os_object-8NI68MWVVG4GCN9B5O7BV8TTZ.pcm

SwiftExplicitDependencyGeneratePcm arm64 /tmp/sidewalk-finalgate-dd/ModuleCache.noindex/os_workgroup-6G4PV7KXNE7AY0PERUB7ATK2P.pcm

SwiftExplicitDependencyGeneratePcm arm64 /tmp/sidewalk-finalgate-dd/ModuleCache.noindex/Spatial-95X5QT6IL6DRNVFMJGGTKHT0M.pcm

SwiftExplicitDependencyGeneratePcm arm64 /tmp/sidewalk-finalgate-dd/ModuleCache.noindex/Dispatch-31AM47K5GECAG5FK4T8EHB8BZ.pcm

SwiftExplicitDependencyGeneratePcm arm64 /tmp/sidewalk-finalgate-dd/ModuleCache.noindex/XPC-CTTP0FFRQHM5RLMT2WHVD3Q0W.pcm

SwiftExplicitDependencyGeneratePcm arm64 /tmp/sidewalk-finalgate-dd/ModuleCache.noindex/CoreFoundation-ADRU3O92VDRD273QWURR8GX0M.pcm

SwiftExplicitDependencyGeneratePcm arm64 /tmp/sidewalk-finalgate-dd/ModuleCache.noindex/os-26NTX0LCO0KJMOHXRSRZ0RDKH.pcm

SwiftExplicitDependencyGeneratePcm arm64 /tmp/sidewalk-finalgate-dd/ModuleCache.noindex/CoreGraphics-C2G4Z40CHQKKEX49F5FHRV0LP.pcm

SwiftExplicitDependencyGeneratePcm arm64 /tmp/sidewalk-finalgate-dd/ModuleCache.noindex/CFNetwork-43QOVNTMDJKGTSZPDQQYMPLQX.pcm

SwiftExplicitDependencyGeneratePcm arm64 /tmp/sidewalk-finalgate-dd/ModuleCache.noindex/Security-75O27BTU266YXSS1FEXPQ23Y9.pcm

SwiftExplicitDependencyGeneratePcm arm64 /tmp/sidewalk-finalgate-dd/ModuleCache.noindex/Foundation-CEYOOQ34R2RZPIV3H7EHOHUVO.pcm

SwiftExplicitDependencyGeneratePcm arm64 /tmp/sidewalk-finalgate-dd/ModuleCache.noindex/ImageIO-4EYLZPHCN4LSZXG9KOWM80EGW.pcm

SwiftExplicitDependencyGeneratePcm arm64 /tmp/sidewalk-finalgate-dd/ModuleCache.noindex/CoreText-AEX2Z5B8CN4KU2FUKNBVC81IM.pcm

SwiftExplicitDependencyGeneratePcm arm64 /tmp/sidewalk-finalgate-dd/ModuleCache.noindex/FileProvider-30NELVQVHPQHQNBNP5S6PZCWK.pcm

SwiftExplicitDependencyGeneratePcm arm64 /tmp/sidewalk-finalgate-dd/ModuleCache.noindex/CoreData-77MFA1TSXTHC9QNVX9SYSAKIA.pcm

SwiftExplicitDependencyGeneratePcm arm64 /tmp/sidewalk-finalgate-dd/ModuleCache.noindex/IOSurface-CHJ8GCDV81AK3RGY25Z3O3WY6.pcm

SwiftExplicitDependencyGeneratePcm arm64 /tmp/sidewalk-finalgate-dd/ModuleCache.noindex/DataDetection-6VRYKXU9WVJLMD25ZXD3RCWYX.pcm

SwiftExplicitDependencyGeneratePcm arm64 /tmp/sidewalk-finalgate-dd/ModuleCache.noindex/UserNotifications-3QG3UNTTDWXZLFLW65NVVCDQK.pcm

SwiftExplicitDependencyGeneratePcm arm64 /tmp/sidewalk-finalgate-dd/ModuleCache.noindex/UniformTypeIdentifiers-9NINN5YO160Z0VUOGTKUOTU3L.pcm

SwiftExplicitDependencyGeneratePcm arm64 /tmp/sidewalk-finalgate-dd/ModuleCache.noindex/UIUtilities-5USRBUMJV5AB47TM0LS88299C.pcm

SwiftExplicitDependencyGeneratePcm arm64 /tmp/sidewalk-finalgate-dd/ModuleCache.noindex/CoreTransferable-7XWGH48IN3S0GLJ8BC890KGFU.pcm

SwiftExplicitDependencyGeneratePcm arm64 /tmp/sidewalk-finalgate-dd/ModuleCache.noindex/OSLog-2B0DAV4FU6Q1AKB7KWPU9ORU8.pcm

SwiftExplicitDependencyGeneratePcm arm64 /tmp/sidewalk-finalgate-dd/ModuleCache.noindex/Accessibility-4QRFWDSWSMMJXVAQM6YQHKRF6.pcm

SwiftExplicitDependencyGeneratePcm arm64 /tmp/sidewalk-finalgate-dd/ModuleCache.noindex/Symbols-3YF0O84YMJWLOG9S33MSWSSCH.pcm

SwiftExplicitDependencyGeneratePcm arm64 /tmp/sidewalk-finalgate-dd/ModuleCache.noindex/OpenGLES-5GYXWJF9BH6W9LFHOLTL1A4RO.pcm

SwiftExplicitDependencyGeneratePcm arm64 /tmp/sidewalk-finalgate-dd/ModuleCache.noindex/Metal-7AUUY8ZILEIEF4KMHJK9KSD2D.pcm

SwiftExplicitDependencyGeneratePcm arm64 /tmp/sidewalk-finalgate-dd/ModuleCache.noindex/CoreVideo-BBD7LE8KDQR1L1GI5GTAIQ79.pcm

SwiftExplicitDependencyGeneratePcm arm64 /tmp/sidewalk-finalgate-dd/ModuleCache.noindex/CoreImage-1UZQ0Y8HDFAM4UR61VGPYDKB1.pcm

SwiftExplicitDependencyGeneratePcm arm64 /tmp/sidewalk-finalgate-dd/ModuleCache.noindex/QuartzCore-3NADJJL6GD9ZSKA4WIYV2TJAJ.pcm

SwiftExplicitDependencyGeneratePcm arm64 /tmp/sidewalk-finalgate-dd/ModuleCache.noindex/SwiftUICore-E0H0Z4PMS7MZVZLBR0G9E6SJJ.pcm

SwiftExplicitDependencyGeneratePcm arm64 /tmp/sidewalk-finalgate-dd/ModuleCache.noindex/UIKit-2BA4MD7QRGDEW6XBZYNNX1OGO.pcm

SwiftExplicitDependencyGeneratePcm arm64 /tmp/sidewalk-finalgate-dd/ModuleCache.noindex/SwiftUI-2EXJK9LEPZZSX2RD2A32QZSO0.pcm

SwiftEmitModule normal arm64 Emitting\ module\ for\ SidewalkSafari (in target 'SidewalkSafari' from project 'SidewalkSafari')

EmitSwiftModule normal arm64 (in target 'SidewalkSafari' from project 'SidewalkSafari')
    cd /Users/wangrenzhu/work/sidewalk-safari-ios
    

SwiftCompile normal arm64 Compiling\ FindMomentView.swift /Users/wangrenzhu/work/sidewalk-safari-ios/SidewalkSafari/Views/FindMomentView.swift (in target 'SidewalkSafari' from project 'SidewalkSafari')
SwiftCompile normal arm64 /Users/wangrenzhu/work/sidewalk-safari-ios/SidewalkSafari/Views/FindMomentView.swift (in target 'SidewalkSafari' from project 'SidewalkSafari')
    cd /Users/wangrenzhu/work/sidewalk-safari-ios
    

SwiftCompile normal arm64 Compiling\ PremiumPreviewView.swift /Users/wangrenzhu/work/sidewalk-safari-ios/SidewalkSafari/Views/PremiumPreviewView.swift (in target 'SidewalkSafari' from project 'SidewalkSafari')

SwiftCompile normal arm64 /Users/wangrenzhu/work/sidewalk-safari-ios/SidewalkSafari/Views/PremiumPreviewView.swift (in target 'SidewalkSafari' from project 'SidewalkSafari')
    cd /Users/wangrenzhu/work/sidewalk-safari-ios
    

SwiftCompile normal arm64 Compiling\ SafariLogView.swift /Users/wangrenzhu/work/sidewalk-safari-ios/SidewalkSafari/Views/SafariLogView.swift (in target 'SidewalkSafari' from project 'SidewalkSafari')
SwiftCompile normal arm64 /Users/wangrenzhu/work/sidewalk-safari-ios/SidewalkSafari/Views/SafariLogView.swift (in target 'SidewalkSafari' from project 'SidewalkSafari')
    cd /Users/wangrenzhu/work/sidewalk-safari-ios
    

SwiftCompile normal arm64 Compiling\ SafariRootView.swift /Users/wangrenzhu/work/sidewalk-safari-ios/SidewalkSafari/Views/SafariRootView.swift (in target 'SidewalkSafari' from project 'SidewalkSafari')

SwiftCompile normal arm64 /Users/wangrenzhu/work/sidewalk-safari-ios/SidewalkSafari/Views/SafariRootView.swift (in target 'SidewalkSafari' from project 'SidewalkSafari')
    cd /Users/wangrenzhu/work/sidewalk-safari-ios
    

SwiftCompile normal arm64 Compiling\ SafariStyle.swift /Users/wangrenzhu/work/sidewalk-safari-ios/SidewalkSafari/Views/SafariStyle.swift (in target 'SidewalkSafari' from project 'SidewalkSafari')

SwiftCompile normal arm64 /Users/wangrenzhu/work/sidewalk-safari-ios/SidewalkSafari/Views/SafariStyle.swift (in target 'SidewalkSafari' from project 'SidewalkSafari')
    cd /Users/wangrenzhu/work/sidewalk-safari-ios
    

SwiftCompile normal arm64 Compiling\ SidewalkSafariApp.swift,\ SidewalkModels.swift /Users/wangrenzhu/work/sidewalk-safari-ios/SidewalkSafari/SidewalkSafariApp.swift /Users/wangrenzhu/work/sidewalk-safari-ios/SidewalkSafari/Models/SidewalkModels.swift (in target 'SidewalkSafari' from project 'SidewalkSafari')

SwiftCompile normal arm64 /Users/wangrenzhu/work/sidewalk-safari-ios/SidewalkSafari/SidewalkSafariApp.swift (in target 'SidewalkSafari' from project 'SidewalkSafari')
    cd /Users/wangrenzhu/work/sidewalk-safari-ios
    

SwiftCompile normal arm64 /Users/wangrenzhu/work/sidewalk-safari-ios/SidewalkSafari/Models/SidewalkModels.swift (in target 'SidewalkSafari' from project 'SidewalkSafari')
    cd /Users/wangrenzhu/work/sidewalk-safari-ios
    

SwiftCompile normal arm64 Compiling\ SafariFixtures.swift,\ SafariStore.swift /Users/wangrenzhu/work/sidewalk-safari-ios/SidewalkSafari/Models/SafariFixtures.swift /Users/wangrenzhu/work/sidewalk-safari-ios/SidewalkSafari/Models/SafariStore.swift (in target 'SidewalkSafari' from project 'SidewalkSafari')

SwiftCompile normal arm64 /Users/wangrenzhu/work/sidewalk-safari-ios/SidewalkSafari/Models/SafariFixtures.swift (in target 'SidewalkSafari' from project 'SidewalkSafari')
    cd /Users/wangrenzhu/work/sidewalk-safari-ios
    

SwiftCompile normal arm64 /Users/wangrenzhu/work/sidewalk-safari-ios/SidewalkSafari/Models/SafariStore.swift (in target 'SidewalkSafari' from project 'SidewalkSafari')
    cd /Users/wangrenzhu/work/sidewalk-safari-ios
    

SwiftCompile normal arm64 Compiling\ QuestPickerView.swift /Users/wangrenzhu/work/sidewalk-safari-ios/SidewalkSafari/Views/QuestPickerView.swift (in target 'SidewalkSafari' from project 'SidewalkSafari')
SwiftCompile normal arm64 /Users/wangrenzhu/work/sidewalk-safari-ios/SidewalkSafari/Views/QuestPickerView.swift (in target 'SidewalkSafari' from project 'SidewalkSafari')
    cd /Users/wangrenzhu/work/sidewalk-safari-ios
    

SwiftCompile normal arm64 Compiling\ GeneratedAssetSymbols.swift /tmp/sidewalk-finalgate-dd/Build/Intermediates.noindex/SidewalkSafari.build/Debug-iphonesimulator/SidewalkSafari.build/DerivedSources/GeneratedAssetSymbols.swift (in target 'SidewalkSafari' from project 'SidewalkSafari')

SwiftCompile normal arm64 /tmp/sidewalk-finalgate-dd/Build/Intermediates.noindex/SidewalkSafari.build/Debug-iphonesimulator/SidewalkSafari.build/DerivedSources/GeneratedAssetSymbols.swift (in target 'SidewalkSafari' from project 'SidewalkSafari')
    cd /Users/wangrenzhu/work/sidewalk-safari-ios
    

SwiftCompile normal arm64 Compiling\ QuestRunView.swift /Users/wangrenzhu/work/sidewalk-safari-ios/SidewalkSafari/Views/QuestRunView.swift (in target 'SidewalkSafari' from project 'SidewalkSafari')
SwiftCompile normal arm64 /Users/wangrenzhu/work/sidewalk-safari-ios/SidewalkSafari/Views/QuestRunView.swift (in target 'SidewalkSafari' from project 'SidewalkSafari')
    cd /Users/wangrenzhu/work/sidewalk-safari-ios
    

SwiftDriverJobDiscovery normal arm64 Emitting module for SidewalkSafari (in target 'SidewalkSafari' from project 'SidewalkSafari')

SwiftDriverJobDiscovery normal arm64 Compiling GeneratedAssetSymbols.swift (in target 'SidewalkSafari' from project 'SidewalkSafari')

SwiftDriver\ Compilation\ Requirements SidewalkSafari normal arm64 com.apple.xcode.tools.swift.compiler (in target 'SidewalkSafari' from project 'SidewalkSafari')
    cd /Users/wangrenzhu/work/sidewalk-safari-ios
    builtin-Swift-Compilation-Requirements -- /Applications/Xcode.app/Contents/Developer/Toolchains/XcodeDefault.xctoolchain/usr/bin/swiftc -module-name SidewalkSafari -Onone @/tmp/sidewalk-finalgate-dd/Build/Intermediates.noindex/SidewalkSafari.build/Debug-iphonesimulator/SidewalkSafari.build/Objects-normal/arm64/SidewalkSafari.SwiftFileList -DDEBUG -enable-experimental-feature DebugDescriptionMacro -sdk /Applications/Xcode.app/Contents/Developer/Platforms/iPhoneSimulator.platform/Developer/SDKs/iPhoneSimulator26.5.sdk -target arm64-apple-ios17.0-simulator -g -module-cache-path /tmp/sidewalk-finalgate-dd/ModuleCache.noindex -Xfrontend -serialize-debugging-options -profile-coverage-mapping -profile-generate -enable-testing -index-store-path /tmp/sidewalk-finalgate-dd/Index.noindex/DataStore -Xcc -D_LIBCPP_HARDENING_MODE\=_LIBCPP_HARDENING_MODE_DEBUG -swift-version 6 -I /tmp/sidewalk-finalgate-dd/Build/Products/Debug-iphonesimulator -F /tmp/sidewalk-finalgate-dd/Build/Products/Debug-iphonesimulator -c -j10 -enable-batch-mode -incremental -Xcc -ivfsstatcache -Xcc /tmp/sidewalk-finalgate-dd/SDKStatCaches.noindex/iphonesimulator26.5-23F81a-6cfe768891a92b912361537c460fe42b.sdkstatcache -output-file-map /tmp/sidewalk-finalgate-dd/Build/Intermediates.noindex/SidewalkSafari.build/Debug-iphonesimulator/SidewalkSafari.build/Objects-normal/arm64/SidewalkSafari-OutputFileMap.json -use-frontend-parseable-output -save-temps -no-color-diagnostics -explicit-module-build -module-cache-path /tmp/sidewalk-finalgate-dd/Build/Intermediates.noindex/SwiftExplicitPrecompiledModules -clang-scanner-module-cache-path /tmp/sidewalk-finalgate-dd/ModuleCache.noindex -sdk-module-cache-path /tmp/sidewalk-finalgate-dd/ModuleCache.noindex -serialize-diagnostics -emit-dependencies -emit-module -emit-module-path /tmp/sidewalk-finalgate-dd/Build/Intermediates.noindex/SidewalkSafari.build/Debug-iphonesimulator/SidewalkSafari.build/Objects-normal/arm64/SidewalkSafari.swiftmodule -validate-clang-modules-once -clang-build-session-file /tmp/sidewalk-finalgate-dd/ModuleCache.noindex/Session.modulevalidation -Xcc -I/tmp/sidewalk-finalgate-dd/Build/Intermediates.noindex/SidewalkSafari.build/Debug-iphonesimulator/SidewalkSafari.build/swift-overrides.hmap -emit-const-values -Xfrontend -const-gather-protocols-file -Xfrontend /tmp/sidewalk-finalgate-dd/Build/Intermediates.noindex/SidewalkSafari.build/Debug-iphonesimulator/SidewalkSafari.build/Objects-normal/arm64/SidewalkSafari_const_extract_protocols.json -Xcc -iquote -Xcc /tmp/sidewalk-finalgate-dd/Build/Intermediates.noindex/SidewalkSafari.build/Debug-iphonesimulator/SidewalkSafari.build/SidewalkSafari-generated-files.hmap -Xcc -I/tmp/sidewalk-finalgate-dd/Build/Intermediates.noindex/SidewalkSafari.build/Debug-iphonesimulator/SidewalkSafari.build/SidewalkSafari-own-target-headers.hmap -Xcc -I/tmp/sidewalk-finalgate-dd/Build/Intermediates.noindex/SidewalkSafari.build/Debug-iphonesimulator/SidewalkSafari.build/SidewalkSafari-all-target-headers.hmap -Xcc -iquote -Xcc /tmp/sidewalk-finalgate-dd/Build/Intermediates.noindex/SidewalkSafari.build/Debug-iphonesimulator/SidewalkSafari.build/SidewalkSafari-project-headers.hmap -Xcc -I/tmp/sidewalk-finalgate-dd/Build/Products/Debug-iphonesimulator/include -Xcc -I/tmp/sidewalk-finalgate-dd/Build/Intermediates.noindex/SidewalkSafari.build/Debug-iphonesimulator/SidewalkSafari.build/DerivedSources-normal/arm64 -Xcc -I/tmp/sidewalk-finalgate-dd/Build/Intermediates.noindex/SidewalkSafari.build/Debug-iphonesimulator/SidewalkSafari.build/DerivedSources/arm64 -Xcc -I/tmp/sidewalk-finalgate-dd/Build/Intermediates.noindex/SidewalkSafari.build/Debug-iphonesimulator/SidewalkSafari.build/DerivedSources -Xcc -DDEBUG\=1 -emit-objc-header -emit-objc-header-path /tmp/sidewalk-finalgate-dd/Build/Intermediates.noindex/SidewalkSafari.build/Debug-iphonesimulator/SidewalkSafari.build/Objects-normal/arm64/SidewalkSafari-Swift.h -working-directory /Users/wangrenzhu/work/sidewalk-safari-ios -experimental-emit-module-separately -disable-cmo

SwiftMergeGeneratedHeaders /tmp/sidewalk-finalgate-dd/Build/Intermediates.noindex/SidewalkSafari.build/Debug-iphonesimulator/SidewalkSafari.build/DerivedSources/SidewalkSafari-Swift.h /tmp/sidewalk-finalgate-dd/Build/Intermediates.noindex/SidewalkSafari.build/Debug-iphonesimulator/SidewalkSafari.build/Objects-normal/arm64/SidewalkSafari-Swift.h (in target 'SidewalkSafari' from project 'SidewalkSafari')
    cd /Users/wangrenzhu/work/sidewalk-safari-ios
    builtin-swiftHeaderTool -arch arm64 /tmp/sidewalk-finalgate-dd/Build/Intermediates.noindex/SidewalkSafari.build/Debug-iphonesimulator/SidewalkSafari.build/Objects-normal/arm64/SidewalkSafari-Swift.h -o /tmp/sidewalk-finalgate-dd/Build/Intermediates.noindex/SidewalkSafari.build/Debug-iphonesimulator/SidewalkSafari.build/DerivedSources/SidewalkSafari-Swift.h

Copy /tmp/sidewalk-finalgate-dd/Build/Products/Debug-iphonesimulator/SidewalkSafari.swiftmodule/arm64-apple-ios-simulator.swiftmodule /tmp/sidewalk-finalgate-dd/Build/Intermediates.noindex/SidewalkSafari.build/Debug-iphonesimulator/SidewalkSafari.build/Objects-normal/arm64/SidewalkSafari.swiftmodule (in target 'SidewalkSafari' from project 'SidewalkSafari')
    cd /Users/wangrenzhu/work/sidewalk-safari-ios
    builtin-copy -exclude .DS_Store -exclude CVS -exclude .svn -exclude .git -exclude .hg -resolve-src-symlinks -rename /tmp/sidewalk-finalgate-dd/Build/Intermediates.noindex/SidewalkSafari.build/Debug-iphonesimulator/SidewalkSafari.build/Objects-normal/arm64/SidewalkSafari.swiftmodule /tmp/sidewalk-finalgate-dd/Build/Products/Debug-iphonesimulator/SidewalkSafari.swiftmodule/arm64-apple-ios-simulator.swiftmodule

Copy /tmp/sidewalk-finalgate-dd/Build/Products/Debug-iphonesimulator/SidewalkSafari.swiftmodule/arm64-apple-ios-simulator.swiftdoc /tmp/sidewalk-finalgate-dd/Build/Intermediates.noindex/SidewalkSafari.build/Debug-iphonesimulator/SidewalkSafari.build/Objects-normal/arm64/SidewalkSafari.swiftdoc (in target 'SidewalkSafari' from project 'SidewalkSafari')
    cd /Users/wangrenzhu/work/sidewalk-safari-ios
    builtin-copy -exclude .DS_Store -exclude CVS -exclude .svn -exclude .git -exclude .hg -resolve-src-symlinks -rename /tmp/sidewalk-finalgate-dd/Build/Intermediates.noindex/SidewalkSafari.build/Debug-iphonesimulator/SidewalkSafari.build/Objects-normal/arm64/SidewalkSafari.swiftdoc /tmp/sidewalk-finalgate-dd/Build/Products/Debug-iphonesimulator/SidewalkSafari.swiftmodule/arm64-apple-ios-simulator.swiftdoc

Copy /tmp/sidewalk-finalgate-dd/Build/Products/Debug-iphonesimulator/SidewalkSafari.swiftmodule/arm64-apple-ios-simulator.abi.json /tmp/sidewalk-finalgate-dd/Build/Intermediates.noindex/SidewalkSafari.build/Debug-iphonesimulator/SidewalkSafari.build/Objects-normal/arm64/SidewalkSafari.abi.json (in target 'SidewalkSafari' from project 'SidewalkSafari')
    cd /Users/wangrenzhu/work/sidewalk-safari-ios
    builtin-copy -exclude .DS_Store -exclude CVS -exclude .svn -exclude .git -exclude .hg -resolve-src-symlinks -rename /tmp/sidewalk-finalgate-dd/Build/Intermediates.noindex/SidewalkSafari.build/Debug-iphonesimulator/SidewalkSafari.build/Objects-normal/arm64/SidewalkSafari.abi.json /tmp/sidewalk-finalgate-dd/Build/Products/Debug-iphonesimulator/SidewalkSafari.swiftmodule/arm64-apple-ios-simulator.abi.json

Copy /tmp/sidewalk-finalgate-dd/Build/Products/Debug-iphonesimulator/SidewalkSafari.swiftmodule/Project/arm64-apple-ios-simulator.swiftsourceinfo /tmp/sidewalk-finalgate-dd/Build/Intermediates.noindex/SidewalkSafari.build/Debug-iphonesimulator/SidewalkSafari.build/Objects-normal/arm64/SidewalkSafari.swiftsourceinfo (in target 'SidewalkSafari' from project 'SidewalkSafari')
    cd /Users/wangrenzhu/work/sidewalk-safari-ios
    builtin-copy -exclude .DS_Store -exclude CVS -exclude .svn -exclude .git -exclude .hg -resolve-src-symlinks -rename /tmp/sidewalk-finalgate-dd/Build/Intermediates.noindex/SidewalkSafari.build/Debug-iphonesimulator/SidewalkSafari.build/Objects-normal/arm64/SidewalkSafari.swiftsourceinfo /tmp/sidewalk-finalgate-dd/Build/Products/Debug-iphonesimulator/SidewalkSafari.swiftmodule/Project/arm64-apple-ios-simulator.swiftsourceinfo

SwiftDriverJobDiscovery normal arm64 Compiling SafariFixtures.swift, SafariStore.swift (in target 'SidewalkSafari' from project 'SidewalkSafari')

SwiftDriverJobDiscovery normal arm64 Compiling SidewalkSafariApp.swift, SidewalkModels.swift (in target 'SidewalkSafari' from project 'SidewalkSafari')

SwiftDriverJobDiscovery normal arm64 Compiling SafariRootView.swift (in target 'SidewalkSafari' from project 'SidewalkSafari')

SwiftDriverJobDiscovery normal arm64 Compiling PremiumPreviewView.swift (in target 'SidewalkSafari' from project 'SidewalkSafari')

SwiftDriverJobDiscovery normal arm64 Compiling SafariStyle.swift (in target 'SidewalkSafari' from project 'SidewalkSafari')

SwiftDriverJobDiscovery normal arm64 Compiling FindMomentView.swift (in target 'SidewalkSafari' from project 'SidewalkSafari')

SwiftDriverJobDiscovery normal arm64 Compiling SafariLogView.swift (in target 'SidewalkSafari' from project 'SidewalkSafari')

SwiftDriverJobDiscovery normal arm64 Compiling QuestPickerView.swift (in target 'SidewalkSafari' from project 'SidewalkSafari')

SwiftDriverJobDiscovery normal arm64 Compiling QuestRunView.swift (in target 'SidewalkSafari' from project 'SidewalkSafari')

SwiftDriver\ Compilation SidewalkSafari normal arm64 com.apple.xcode.tools.swift.compiler (in target 'SidewalkSafari' from project 'SidewalkSafari')
    cd /Users/wangrenzhu/work/sidewalk-safari-ios
    builtin-Swift-Compilation -- /Applications/Xcode.app/Contents/Developer/Toolchains/XcodeDefault.xctoolchain/usr/bin/swiftc -module-name SidewalkSafari -Onone @/tmp/sidewalk-finalgate-dd/Build/Intermediates.noindex/SidewalkSafari.build/Debug-iphonesimulator/SidewalkSafari.build/Objects-normal/arm64/SidewalkSafari.SwiftFileList -DDEBUG -enable-experimental-feature DebugDescriptionMacro -sdk /Applications/Xcode.app/Contents/Developer/Platforms/iPhoneSimulator.platform/Developer/SDKs/iPhoneSimulator26.5.sdk -target arm64-apple-ios17.0-simulator -g -module-cache-path /tmp/sidewalk-finalgate-dd/ModuleCache.noindex -Xfrontend -serialize-debugging-options -profile-coverage-mapping -profile-generate -enable-testing -index-store-path /tmp/sidewalk-finalgate-dd/Index.noindex/DataStore -Xcc -D_LIBCPP_HARDENING_MODE\=_LIBCPP_HARDENING_MODE_DEBUG -swift-version 6 -I /tmp/sidewalk-finalgate-dd/Build/Products/Debug-iphonesimulator -F /tmp/sidewalk-finalgate-dd/Build/Products/Debug-iphonesimulator -c -j10 -enable-batch-mode -incremental -Xcc -ivfsstatcache -Xcc /tmp/sidewalk-finalgate-dd/SDKStatCaches.noindex/iphonesimulator26.5-23F81a-6cfe768891a92b912361537c460fe42b.sdkstatcache -output-file-map /tmp/sidewalk-finalgate-dd/Build/Intermediates.noindex/SidewalkSafari.build/Debug-iphonesimulator/SidewalkSafari.build/Objects-normal/arm64/SidewalkSafari-OutputFileMap.json -use-frontend-parseable-output -save-temps -no-color-diagnostics -explicit-module-build -module-cache-path /tmp/sidewalk-finalgate-dd/Build/Intermediates.noindex/SwiftExplicitPrecompiledModules -clang-scanner-module-cache-path /tmp/sidewalk-finalgate-dd/ModuleCache.noindex -sdk-module-cache-path /tmp/sidewalk-finalgate-dd/ModuleCache.noindex -serialize-diagnostics -emit-dependencies -emit-module -emit-module-path /tmp/sidewalk-finalgate-dd/Build/Intermediates.noindex/SidewalkSafari.build/Debug-iphonesimulator/SidewalkSafari.build/Objects-normal/arm64/SidewalkSafari.swiftmodule -validate-clang-modules-once -clang-build-session-file /tmp/sidewalk-finalgate-dd/ModuleCache.noindex/Session.modulevalidation -Xcc -I/tmp/sidewalk-finalgate-dd/Build/Intermediates.noindex/SidewalkSafari.build/Debug-iphonesimulator/SidewalkSafari.build/swift-overrides.hmap -emit-const-values -Xfrontend -const-gather-protocols-file -Xfrontend /tmp/sidewalk-finalgate-dd/Build/Intermediates.noindex/SidewalkSafari.build/Debug-iphonesimulator/SidewalkSafari.build/Objects-normal/arm64/SidewalkSafari_const_extract_protocols.json -Xcc -iquote -Xcc /tmp/sidewalk-finalgate-dd/Build/Intermediates.noindex/SidewalkSafari.build/Debug-iphonesimulator/SidewalkSafari.build/SidewalkSafari-generated-files.hmap -Xcc -I/tmp/sidewalk-finalgate-dd/Build/Intermediates.noindex/SidewalkSafari.build/Debug-iphonesimulator/SidewalkSafari.build/SidewalkSafari-own-target-headers.hmap -Xcc -I/tmp/sidewalk-finalgate-dd/Build/Intermediates.noindex/SidewalkSafari.build/Debug-iphonesimulator/SidewalkSafari.build/SidewalkSafari-all-target-headers.hmap -Xcc -iquote -Xcc /tmp/sidewalk-finalgate-dd/Build/Intermediates.noindex/SidewalkSafari.build/Debug-iphonesimulator/SidewalkSafari.build/SidewalkSafari-project-headers.hmap -Xcc -I/tmp/sidewalk-finalgate-dd/Build/Products/Debug-iphonesimulator/include -Xcc -I/tmp/sidewalk-finalgate-dd/Build/Intermediates.noindex/SidewalkSafari.build/Debug-iphonesimulator/SidewalkSafari.build/DerivedSources-normal/arm64 -Xcc -I/tmp/sidewalk-finalgate-dd/Build/Intermediates.noindex/SidewalkSafari.build/Debug-iphonesimulator/SidewalkSafari.build/DerivedSources/arm64 -Xcc -I/tmp/sidewalk-finalgate-dd/Build/Intermediates.noindex/SidewalkSafari.build/Debug-iphonesimulator/SidewalkSafari.build/DerivedSources -Xcc -DDEBUG\=1 -emit-objc-header -emit-objc-header-path /tmp/sidewalk-finalgate-dd/Build/Intermediates.noindex/SidewalkSafari.build/Debug-iphonesimulator/SidewalkSafari.build/Objects-normal/arm64/SidewalkSafari-Swift.h -working-directory /Users/wangrenzhu/work/sidewalk-safari-ios -experimental-emit-module-separately -disable-cmo

Ld /tmp/sidewalk-finalgate-dd/Build/Products/Debug-iphonesimulator/SidewalkSafari.app/SidewalkSafari.debug.dylib normal (in target 'SidewalkSafari' from project 'SidewalkSafari')
    cd /Users/wangrenzhu/work/sidewalk-safari-ios
    /Applications/Xcode.app/Contents/Developer/Toolchains/XcodeDefault.xctoolchain/usr/bin/clang -Xlinker -reproducible -target arm64-apple-ios17.0-simulator -dynamiclib -isysroot /Applications/Xcode.app/Contents/Developer/Platforms/iPhoneSimulator.platform/Developer/SDKs/iPhoneSimulator26.5.sdk -O0 -L/tmp/sidewalk-finalgate-dd/Build/Intermediates.noindex/EagerLinkingTBDs/Debug-iphonesimulator -L/tmp/sidewalk-finalgate-dd/Build/Products/Debug-iphonesimulator -F/tmp/sidewalk-finalgate-dd/Build/Intermediates.noindex/EagerLinkingTBDs/Debug-iphonesimulator -F/tmp/sidewalk-finalgate-dd/Build/Products/Debug-iphonesimulator -filelist /tmp/sidewalk-finalgate-dd/Build/Intermediates.noindex/SidewalkSafari.build/Debug-iphonesimulator/SidewalkSafari.build/Objects-normal/arm64/SidewalkSafari.LinkFileList -install_name @rpath/SidewalkSafari.debug.dylib -Xlinker -rpath -Xlinker /usr/lib/swift -Xlinker -rpath -Xlinker @executable_path/Frameworks -Xlinker -dead_strip -Xlinker -object_path_lto -Xlinker /tmp/sidewalk-finalgate-dd/Build/Intermediates.noindex/SidewalkSafari.build/Debug-iphonesimulator/SidewalkSafari.build/Objects-normal/arm64/SidewalkSafari_lto.o -rdynamic -Xlinker -no_deduplicate -Xlinker -objc_abi_version -Xlinker 2 -Xlinker -debug_variant -Xlinker -dependency_info -Xlinker /tmp/sidewalk-finalgate-dd/Build/Intermediates.noindex/SidewalkSafari.build/Debug-iphonesimulator/SidewalkSafari.build/Objects-normal/arm64/SidewalkSafari_dependency_info.dat -fobjc-link-runtime -fprofile-instr-generate -L/Applications/Xcode.app/Contents/Developer/Toolchains/XcodeDefault.xctoolchain/usr/lib/swift/iphonesimulator -L/usr/lib/swift -Xlinker -add_ast_path -Xlinker /tmp/sidewalk-finalgate-dd/Build/Intermediates.noindex/SidewalkSafari.build/Debug-iphonesimulator/SidewalkSafari.build/Objects-normal/arm64/SidewalkSafari.swiftmodule @/tmp/sidewalk-finalgate-dd/Build/Intermediates.noindex/SidewalkSafari.build/Debug-iphonesimulator/SidewalkSafari.build/Objects-normal/arm64/SidewalkSafari-linker-args.resp -Xlinker -alias -Xlinker _main -Xlinker ___debug_main_executable_dylib_entry_point -framework Foundation -Xlinker -no_adhoc_codesign -o /tmp/sidewalk-finalgate-dd/Build/Products/Debug-iphonesimulator/SidewalkSafari.app/SidewalkSafari.debug.dylib

ConstructStubExecutorLinkFileList /tmp/sidewalk-finalgate-dd/Build/Intermediates.noindex/SidewalkSafari.build/Debug-iphonesimulator/SidewalkSafari.build/SidewalkSafari-ExecutorLinkFileList-normal-arm64.txt (in target 'SidewalkSafari' from project 'SidewalkSafari')
    cd /Users/wangrenzhu/work/sidewalk-safari-ios
    construct-stub-executor-link-file-list /tmp/sidewalk-finalgate-dd/Build/Products/Debug-iphonesimulator/SidewalkSafari.app/SidewalkSafari.debug.dylib /Applications/Xcode.app/Contents/Developer/Platforms/iPhoneSimulator.platform/Developer/usr/lib/libPreviewsJITStubExecutor_no_swift_entry_point.a /Applications/Xcode.app/Contents/Developer/Platforms/iPhoneSimulator.platform/Developer/usr/lib/libPreviewsJITStubExecutor.a --output /tmp/sidewalk-finalgate-dd/Build/Intermediates.noindex/SidewalkSafari.build/Debug-iphonesimulator/SidewalkSafari.build/SidewalkSafari-ExecutorLinkFileList-normal-arm64.txt
note: Using stub executor library with Swift entry point. (in target 'SidewalkSafari' from project 'SidewalkSafari')

Ld /tmp/sidewalk-finalgate-dd/Build/Products/Debug-iphonesimulator/SidewalkSafari.app/SidewalkSafari normal (in target 'SidewalkSafari' from project 'SidewalkSafari')
    cd /Users/wangrenzhu/work/sidewalk-safari-ios
    /Applications/Xcode.app/Contents/Developer/Toolchains/XcodeDefault.xctoolchain/usr/bin/clang -Xlinker -reproducible -target arm64-apple-ios17.0-simulator -isysroot /Applications/Xcode.app/Contents/Developer/Platforms/iPhoneSimulator.platform/Developer/SDKs/iPhoneSimulator26.5.sdk -O0 -L/tmp/sidewalk-finalgate-dd/Build/Products/Debug-iphonesimulator -F/tmp/sidewalk-finalgate-dd/Build/Products/Debug-iphonesimulator -Xlinker -rpath -Xlinker @executable_path -Xlinker -rpath -Xlinker @executable_path/Frameworks -rdynamic -Xlinker -no_deduplicate -Xlinker -objc_abi_version -Xlinker 2 -Xlinker -debug_variant -e ___debug_blank_executor_main -Xlinker -sectcreate -Xlinker __TEXT -Xlinker __debug_dylib -Xlinker /tmp/sidewalk-finalgate-dd/Build/Intermediates.noindex/SidewalkSafari.build/Debug-iphonesimulator/SidewalkSafari.build/SidewalkSafari-DebugDylibPath-normal-arm64.txt -Xlinker -sectcreate -Xlinker __TEXT -Xlinker __debug_instlnm -Xlinker /tmp/sidewalk-finalgate-dd/Build/Intermediates.noindex/SidewalkSafari.build/Debug-iphonesimulator/SidewalkSafari.build/SidewalkSafari-DebugDylibInstallName-normal-arm64.txt -Xlinker -filelist -Xlinker /tmp/sidewalk-finalgate-dd/Build/Intermediates.noindex/SidewalkSafari.build/Debug-iphonesimulator/SidewalkSafari.build/SidewalkSafari-ExecutorLinkFileList-normal-arm64.txt -Xlinker -sectcreate -Xlinker __TEXT -Xlinker __entitlements -Xlinker /tmp/sidewalk-finalgate-dd/Build/Intermediates.noindex/SidewalkSafari.build/Debug-iphonesimulator/SidewalkSafari.build/SidewalkSafari.app-Simulated.xcent -Xlinker -sectcreate -Xlinker __TEXT -Xlinker __ents_der -Xlinker /tmp/sidewalk-finalgate-dd/Build/Intermediates.noindex/SidewalkSafari.build/Debug-iphonesimulator/SidewalkSafari.build/SidewalkSafari.app-Simulated.xcent.der /tmp/sidewalk-finalgate-dd/Build/Products/Debug-iphonesimulator/SidewalkSafari.app/SidewalkSafari.debug.dylib -Xlinker -no_adhoc_codesign -o /tmp/sidewalk-finalgate-dd/Build/Products/Debug-iphonesimulator/SidewalkSafari.app/SidewalkSafari

CopySwiftLibs /tmp/sidewalk-finalgate-dd/Build/Products/Debug-iphonesimulator/SidewalkSafari.app (in target 'SidewalkSafari' from project 'SidewalkSafari')
    cd /Users/wangrenzhu/work/sidewalk-safari-ios
    builtin-swiftStdLibTool --copy --verbose --sign - --scan-executable /tmp/sidewalk-finalgate-dd/Build/Products/Debug-iphonesimulator/SidewalkSafari.app/SidewalkSafari.debug.dylib --scan-folder /tmp/sidewalk-finalgate-dd/Build/Products/Debug-iphonesimulator/SidewalkSafari.app/Frameworks --scan-folder /tmp/sidewalk-finalgate-dd/Build/Products/Debug-iphonesimulator/SidewalkSafari.app/PlugIns --scan-folder /tmp/sidewalk-finalgate-dd/Build/Products/Debug-iphonesimulator/SidewalkSafari.app/SystemExtensions --scan-folder /tmp/sidewalk-finalgate-dd/Build/Products/Debug-iphonesimulator/SidewalkSafari.app/Extensions --scan-folder /Applications/Xcode.app/Contents/Developer/Platforms/iPhoneOS.platform/Developer/SDKs/iPhoneOS26.0.sdk/System/Library/Frameworks/Foundation.framework --platform iphonesimulator --toolchain /Applications/Xcode.app/Contents/Developer/Toolchains/XcodeDefault.xctoolchain --destination /tmp/sidewalk-finalgate-dd/Build/Products/Debug-iphonesimulator/SidewalkSafari.app/Frameworks --strip-bitcode --strip-bitcode-tool /Applications/Xcode.app/Contents/Developer/Toolchains/XcodeDefault.xctoolchain/usr/bin/bitcode_strip --emit-dependency-info /tmp/sidewalk-finalgate-dd/Build/Intermediates.noindex/SidewalkSafari.build/Debug-iphonesimulator/SidewalkSafari.build/SwiftStdLibToolInputDependencies.dep --filter-for-swift-os

ExtractAppIntentsMetadata (in target 'SidewalkSafari' from project 'SidewalkSafari')
    cd /Users/wangrenzhu/work/sidewalk-safari-ios
    /Applications/Xcode.app/Contents/Developer/Toolchains/XcodeDefault.xctoolchain/usr/bin/appintentsmetadataprocessor --toolchain-dir /Applications/Xcode.app/Contents/Developer/Toolchains/XcodeDefault.xctoolchain --module-name SidewalkSafari --sdk-root /Applications/Xcode.app/Contents/Developer/Platforms/iPhoneSimulator.platform/Developer/SDKs/iPhoneSimulator26.5.sdk --xcode-version 17F113 --platform-family iOS --deployment-target 17.0 --bundle-identifier com.appfactory.sidewalksafari --output /tmp/sidewalk-finalgate-dd/Build/Products/Debug-iphonesimulator/SidewalkSafari.app --target-triple arm64-apple-ios17.0-simulator --binary-file /tmp/sidewalk-finalgate-dd/Build/Products/Debug-iphonesimulator/SidewalkSafari.app/SidewalkSafari --dependency-file /tmp/sidewalk-finalgate-dd/Build/Intermediates.noindex/SidewalkSafari.build/Debug-iphonesimulator/SidewalkSafari.build/Objects-normal/arm64/SidewalkSafari_dependency_info.dat --stringsdata-file /tmp/sidewalk-finalgate-dd/Build/Intermediates.noindex/SidewalkSafari.build/Debug-iphonesimulator/SidewalkSafari.build/Objects-normal/arm64/ExtractedAppShortcutsMetadata.stringsdata --source-file-list /tmp/sidewalk-finalgate-dd/Build/Intermediates.noindex/SidewalkSafari.build/Debug-iphonesimulator/SidewalkSafari.build/Objects-normal/arm64/SidewalkSafari.SwiftFileList --metadata-file-list /tmp/sidewalk-finalgate-dd/Build/Intermediates.noindex/SidewalkSafari.build/Debug-iphonesimulator/SidewalkSafari.build/SidewalkSafari.DependencyMetadataFileList --static-metadata-file-list /tmp/sidewalk-finalgate-dd/Build/Intermediates.noindex/SidewalkSafari.build/Debug-iphonesimulator/SidewalkSafari.build/SidewalkSafari.DependencyStaticMetadataFileList --swift-const-vals-list /tmp/sidewalk-finalgate-dd/Build/Intermediates.noindex/SidewalkSafari.build/Debug-iphonesimulator/SidewalkSafari.build/Objects-normal/arm64/SidewalkSafari.SwiftConstValuesFileList --compile-time-extraction --deployment-aware-processing --validate-assistant-intents --no-app-shortcuts-localization
2026-07-09 10:07:41.337 appintentsmetadataprocessor[37704:287236538] Starting appintentsmetadataprocessor export
2026-07-09 10:07:41.338 appintentsmetadataprocessor[37704:287236538] warning: Metadata extraction skipped. No AppIntents.framework dependency found.

AppIntentsSSUTraining (in target 'SidewalkSafari' from project 'SidewalkSafari')
    cd /Users/wangrenzhu/work/sidewalk-safari-ios
    /Applications/Xcode.app/Contents/Developer/Toolchains/XcodeDefault.xctoolchain/usr/bin/appintentsnltrainingprocessor --infoplist-path /tmp/sidewalk-finalgate-dd/Build/Products/Debug-iphonesimulator/SidewalkSafari.app/Info.plist --temp-dir-path /tmp/sidewalk-finalgate-dd/Build/Intermediates.noindex/SidewalkSafari.build/Debug-iphonesimulator/SidewalkSafari.build/ssu --bundle-id com.appfactory.sidewalksafari --product-path /tmp/sidewalk-finalgate-dd/Build/Products/Debug-iphonesimulator/SidewalkSafari.app --extracted-metadata-path /tmp/sidewalk-finalgate-dd/Build/Products/Debug-iphonesimulator/SidewalkSafari.app/Metadata.appintents --metadata-file-list /tmp/sidewalk-finalgate-dd/Build/Intermediates.noindex/SidewalkSafari.build/Debug-iphonesimulator/SidewalkSafari.build/SidewalkSafari.DependencyMetadataFileList --source-file /tmp/sidewalk-finalgate-dd/Build/Products/Debug-iphonesimulator/SidewalkSafari.app/Info.plist --archive-ssu-assets
2026-07-09 10:07:41.362 appintentsnltrainingprocessor[37706:287236546] Parsing options for appintentsnltrainingprocessor
2026-07-09 10:07:41.363 appintentsnltrainingprocessor[37706:287236546] Starting AppIntents SSU YAML Generation
2026-07-09 10:07:41.363 appintentsnltrainingprocessor[37706:287236546] No AppShortcuts found - Skipping.

CodeSign /tmp/sidewalk-finalgate-dd/Build/Products/Debug-iphonesimulator/SidewalkSafari.app/SidewalkSafari.debug.dylib (in target 'SidewalkSafari' from project 'SidewalkSafari')
    cd /Users/wangrenzhu/work/sidewalk-safari-ios
    
    Signing Identity:     "Sign to Run Locally"
    
    /usr/bin/codesign --force --sign - --timestamp\=none --generate-entitlement-der /tmp/sidewalk-finalgate-dd/Build/Products/Debug-iphonesimulator/SidewalkSafari.app/SidewalkSafari.debug.dylib

CodeSign /tmp/sidewalk-finalgate-dd/Build/Products/Debug-iphonesimulator/SidewalkSafari.app/__preview.dylib (in target 'SidewalkSafari' from project 'SidewalkSafari')
    cd /Users/wangrenzhu/work/sidewalk-safari-ios
    
    Signing Identity:     "Sign to Run Locally"
    
    /usr/bin/codesign --force --sign - --timestamp\=none --generate-entitlement-der /tmp/sidewalk-finalgate-dd/Build/Products/Debug-iphonesimulator/SidewalkSafari.app/__preview.dylib

CodeSign /tmp/sidewalk-finalgate-dd/Build/Products/Debug-iphonesimulator/SidewalkSafari.app (in target 'SidewalkSafari' from project 'SidewalkSafari')
    cd /Users/wangrenzhu/work/sidewalk-safari-ios
    
    Signing Identity:     "Sign to Run Locally"
    
    /usr/bin/codesign --force --sign - --timestamp\=none --generate-entitlement-der /tmp/sidewalk-finalgate-dd/Build/Products/Debug-iphonesimulator/SidewalkSafari.app

RegisterExecutionPolicyException /tmp/sidewalk-finalgate-dd/Build/Products/Debug-iphonesimulator/SidewalkSafari.app (in target 'SidewalkSafari' from project 'SidewalkSafari')
    cd /Users/wangrenzhu/work/sidewalk-safari-ios
    builtin-RegisterExecutionPolicyException /tmp/sidewalk-finalgate-dd/Build/Products/Debug-iphonesimulator/SidewalkSafari.app

Validate /tmp/sidewalk-finalgate-dd/Build/Products/Debug-iphonesimulator/SidewalkSafari.app (in target 'SidewalkSafari' from project 'SidewalkSafari')
    cd /Users/wangrenzhu/work/sidewalk-safari-ios
    builtin-validationUtility /tmp/sidewalk-finalgate-dd/Build/Products/Debug-iphonesimulator/SidewalkSafari.app -shallow-bundle -infoplist-subpath Info.plist

Touch /tmp/sidewalk-finalgate-dd/Build/Products/Debug-iphonesimulator/SidewalkSafari.app (in target 'SidewalkSafari' from project 'SidewalkSafari')
    cd /Users/wangrenzhu/work/sidewalk-safari-ios
    /usr/bin/touch -c /tmp/sidewalk-finalgate-dd/Build/Products/Debug-iphonesimulator/SidewalkSafari.app

** BUILD SUCCEEDED **

